<?xml version="1.0" ?>
<!DOCTYPE coverage
  SYSTEM 'http://cobertura.sourceforge.net/xml/coverage-03.dtd'>
<coverage branch-rate="0" line-rate="0.9741" timestamp="1428105828551" version="3.7.1">
	<!-- Generated by coverage.py: http://nedbatchelder.com/code/coverage -->
	<packages>
		<package branch-rate="0" complexity="0" line-rate="0.9741" name="">
			<classes>
				<class branch-rate="0" complexity="0" filename="src/ExtensionClass/__init__.py" line-rate="0.9741" name="src/ExtensionClass/__init__">
					<methods/>
					<lines>
						<line hits="1" number="14"/>
						<line hits="1" number="101"/>
						<line hits="1" number="102"/>
						<line hits="1" number="107"/>
						<line hits="1" number="110"/>
						<line hits="1" number="111"/>
						<line hits="1" number="112"/>
						<line hits="1" number="113"/>
						<line hits="1" number="114"/>
						<line hits="1" number="115"/>
						<line hits="1" number="118"/>
						<line hits="1" number="120"/>
						<line hits="1" number="121"/>
						<line hits="1" number="122"/>
						<line hits="1" number="124"/>
						<line hits="1" number="125"/>
						<line hits="1" number="127"/>
						<line hits="1" number="130"/>
						<line hits="1" number="131"/>
						<line hits="1" number="134"/>
						<line hits="1" number="135"/>
						<line hits="1" number="136"/>
						<line hits="1" number="137"/>
						<line hits="0" number="138"/>
						<line hits="0" number="139"/>
						<line hits="0" number="140"/>
						<line hits="1" number="143"/>
						<line hits="1" number="145"/>
						<line hits="1" number="149"/>
						<line hits="1" number="151"/>
						<line hits="1" number="152"/>
						<line hits="1" number="154"/>
						<line hits="1" number="156"/>
						<line hits="1" number="159"/>
						<line hits="1" number="160"/>
						<line hits="1" number="163"/>
						<line hits="1" number="166"/>
						<line hits="1" number="167"/>
						<line hits="1" number="168"/>
						<line hits="1" number="169"/>
						<line hits="1" number="170"/>
						<line hits="1" number="171"/>
						<line hits="1" number="173"/>
						<line hits="1" number="175"/>
						<line hits="1" number="177"/>
						<line hits="1" number="181"/>
						<line hits="1" number="182"/>
						<line hits="1" number="183"/>
						<line hits="1" number="184"/>
						<line hits="1" number="185"/>
						<line hits="1" number="186"/>
						<line hits="1" number="187"/>
						<line hits="1" number="188"/>
						<line hits="1" number="189"/>
						<line hits="1" number="191"/>
						<line hits="1" number="193"/>
						<line hits="1" number="194"/>
						<line hits="1" number="195"/>
						<line hits="1" number="196"/>
						<line hits="1" number="197"/>
						<line hits="1" number="198"/>
						<line hits="1" number="200"/>
						<line hits="1" number="202"/>
						<line hits="1" number="204"/>
						<line hits="1" number="205"/>
						<line hits="1" number="206"/>
						<line hits="1" number="208"/>
						<line hits="1" number="213"/>
						<line hits="1" number="216"/>
						<line hits="1" number="217"/>
						<line hits="1" number="219"/>
						<line hits="1" number="220"/>
						<line hits="1" number="221"/>
						<line hits="1" number="222"/>
						<line hits="1" number="223"/>
						<line hits="1" number="226"/>
						<line hits="1" number="227"/>
						<line hits="1" number="228"/>
						<line hits="1" number="233"/>
						<line hits="1" number="234"/>
						<line hits="1" number="235"/>
						<line hits="1" number="236"/>
						<line hits="1" number="237"/>
						<line hits="1" number="241"/>
						<line hits="1" number="242"/>
						<line hits="1" number="243"/>
						<line hits="1" number="244"/>
						<line hits="1" number="245"/>
						<line hits="1" number="246"/>
						<line hits="1" number="247"/>
						<line hits="1" number="248"/>
						<line hits="1" number="249"/>
						<line hits="1" number="252"/>
						<line hits="1" number="255"/>
						<line hits="1" number="256"/>
						<line hits="1" number="257"/>
						<line hits="1" number="258"/>
						<line hits="1" number="259"/>
						<line hits="1" number="260"/>
						<line hits="1" number="261"/>
						<line hits="1" number="263"/>
						<line hits="1" number="264"/>
						<line hits="1" number="265"/>
						<line hits="1" number="266"/>
						<line hits="1" number="267"/>
						<line hits="1" number="268"/>
						<line hits="1" number="271"/>
						<line hits="1" number="272"/>
						<line hits="1" number="273"/>
						<line hits="1" number="277"/>
						<line hits="1" number="278"/>
						<line hits="1" number="281"/>
						<line hits="1" number="290"/>
						<line hits="1" number="293"/>
						<line hits="1" number="294"/>
						<line hits="1" number="297"/>
					</lines>
				</class>
			</classes>
		</package>
	</packages>
</coverage>
